
The following files have been resolved:
   org.apache.maven.doxia:doxia-decoration-model:jar:1.4:compile
   org.eclipse.sisu:org.eclipse.sisu.inject:jar:0.3.3:compile
   aopalliance:aopalliance:jar:1.0:compile
   org.apache.maven.doxia:doxia-sink-api:jar:1.4:compile
   org.apache.velocity:velocity-tools:jar:2.0:compile
   org.apache.struts:struts-tiles:jar:1.3.8:compile
   org.apache.maven.reporting:maven-reporting-api:jar:3.0:compile
   com.fasterxml.jackson.core:jackson-annotations:jar:2.9.10:compile
   org.apache.maven.plugins:maven-dependency-plugin:jar:3.0.2:compile
   com.fasterxml.jackson.core:jackson-core:jar:2.9.10:compile
   org.apache.commons:commons-text:jar:1.6:compile
   javax.enterprise:cdi-api:jar:1.0:compile
   sslext:sslext:jar:1.2-0:compile
   org.apache.maven.resolver:maven-resolver-spi:jar:1.0.3:compile
   org.tukaani:xz:jar:1.5:runtime
   org.ow2.asm:asm:jar:5.0.2:compile
   org.apache.maven:maven-artifact:jar:3.5.0:compile
   javax.annotation:jsr250-api:jar:1.0:compile
   org.apache.maven.doxia:doxia-module-fml:jar:1.4:compile
   org.apache.commons:commons-compress:jar:1.19:compile
   org.apache.commons:commons-lang3:jar:3.5:compile
   org.codehaus.plexus:plexus-archiver:jar:3.4:compile
   org.codehaus.plexus:plexus-utils:jar:3.0.24:compile
   org.apache.maven.resolver:maven-resolver-util:jar:1.0.3:compile
   com.google.guava:guava:jar:20.0:compile
   commons-logging:commons-logging:jar:1.2:compile
   xml-apis:xml-apis:jar:1.3.04:compile
   org.sonatype.sisu:sisu-guice:jar:noaop:2.1.7:compile
   dom4j:dom4j:jar:1.1:compile
   org.eclipse.aether:aether-util:jar:0.9.0.M2:compile
   org.apache.maven.resolver:maven-resolver-impl:jar:1.0.3:compile
   org.sonatype.plexus:plexus-cipher:jar:1.4:compile
   org.apache.maven.doxia:doxia-module-xhtml:jar:1.4:compile
   org.sonatype.sisu:sisu-inject-bean:jar:1.4.2:compile
   org.apache.maven.doxia:doxia-logging-api:jar:1.4:compile
   org.apache.maven.shared:maven-dependency-analyzer:jar:1.7:compile
   classworlds:classworlds:jar:1.1:compile
   org.apache.struts:struts-core:jar:1.3.8:compile
   org.codehaus.plexus:plexus-io:jar:2.4:compile
   commons-lang:commons-lang:jar:2.6:compile
   junit:junit:jar:3.8.1:compile
   antlr:antlr:jar:2.7.2:compile
   commons-chain:commons-chain:jar:1.1:compile
   org.apache.maven:maven-settings-builder:jar:3.5.0:compile
   javax.inject:javax.inject:jar:1:compile
   org.apache.httpcomponents:httpcore:jar:4.4.11:compile
   org.apache.maven.shared:maven-shared-io:jar:1.1:compile
   org.apache.maven:maven-settings:jar:3.5.0:compile
   org.apache.maven:maven-plugin-api:jar:3.5.0:compile
   org.apache.maven.doxia:doxia-site-renderer:jar:1.4:compile
   org.apache.maven:maven-resolver-provider:jar:3.5.0:compile
   org.codehaus.plexus:plexus-container-default:jar:1.0-alpha-30:compile
   oro:oro:jar:2.0.8:compile
   org.apache.maven.wagon:wagon-provider-api:jar:1.0-alpha-6:compile
   commons-digester:commons-digester:jar:1.6:compile
   org.slf4j:slf4j-api:jar:1.7.22:compile
   org.apache.maven.shared:maven-dependency-tree:jar:3.0.1:compile
   org.apache.maven:maven-repository-metadata:jar:3.5.0:compile
   org.apache.maven:maven-builder-support:jar:3.5.0:compile
   com.heroku.sdk:heroku-deploy:jar:2.0.13:compile
   com.google.inject:guice:jar:no_aop:4.0:compile
   org.codehaus.plexus:plexus-velocity:jar:1.1.7:compile
   com.fasterxml.jackson.core:jackson-databind:jar:2.9.10:compile
   org.apache.struts:struts-taglib:jar:1.3.8:compile
   org.apache.maven.shared:file-management:jar:1.2.1:compile
   commons-io:commons-io:jar:2.6:compile
   org.slf4j:slf4j-simple:jar:1.7.22:compile
   org.codehaus.plexus:plexus-component-annotations:jar:1.7.1:compile
   org.apache.velocity:velocity:jar:1.5:compile
   org.apache.maven:maven-model-builder:jar:3.5.0:compile
   com.heroku.api:heroku-api:jar:0.37:compile
   com.jcraft:jsch:jar:0.1.54:compile
   com.heroku.api:heroku-http-apache:jar:0.37:compile
   org.apache.maven:maven-model:jar:3.5.0:compile
   commons-codec:commons-codec:jar:1.11:compile
   org.eclipse.jgit:org.eclipse.jgit:jar:4.11.7.201903122105-r:compile
   org.apache.httpcomponents:httpclient:jar:4.5.8:compile
   org.iq80.snappy:snappy:jar:0.4:compile
   org.apache.maven.shared:maven-shared-utils:jar:3.1.0:compile
   org.codehaus.plexus:plexus-interpolation:jar:1.24:compile
   org.sonatype.plexus:plexus-sec-dispatcher:jar:1.4:compile
   commons-beanutils:commons-beanutils:jar:1.7.0:compile
   org.sonatype.sisu:sisu-inject-plexus:jar:1.4.2:compile
   com.heroku.api:heroku-json-jackson:jar:0.37:compile
   org.apache.maven:maven-core:jar:3.5.0:compile
   org.codehaus.plexus:plexus-classworlds:jar:2.5.2:compile
   org.apache.maven.shared:maven-artifact-transfer:jar:0.9.1:compile
   org.eclipse.sisu:org.eclipse.sisu.plexus:jar:0.3.3:compile
   org.apache.maven.resolver:maven-resolver-api:jar:1.0.3:compile
   com.heroku.sdk:heroku-maven-plugin:jar:2.0.13:compile
   xerces:xercesImpl:jar:2.9.1:compile
   org.codehaus.plexus:plexus-i18n:jar:1.0-beta-7:compile
   com.googlecode.javaewah:JavaEWAH:jar:1.1.6:compile
   org.apache.maven.doxia:doxia-core:jar:1.2:compile
   commons-collections:commons-collections:jar:3.2.2:compile
   org.apache.maven.shared:maven-common-artifact-filters:jar:3.0.1:compile
   com.jcraft:jzlib:jar:1.1.1:compile
   org.apache.maven.reporting:maven-reporting-impl:jar:2.3:compile
   commons-validator:commons-validator:jar:1.3.1:compile
   org.twdata.maven:mojo-executor:jar:2.3.0:compile

